0 info it worked if it ends with ok
1 verbose cli [ 'D:\\node\\\\node.exe',
1 verbose cli   'D:\\node\\node_modules\\npm\\bin\\npm-cli.js',
1 verbose cli   'install',
1 verbose cli   'gulp-annotate' ]
2 info using npm@1.4.28
3 info using node@v0.10.33
4 verbose node symlink D:\node\\node.exe
5 warn package.json madzz@1.0.0 No repository field.
6 warn package.json madzz@1.0.0 No README data
7 verbose readDependencies using package.json deps
8 verbose cache add [ 'gulp-annotate', null ]
9 verbose cache add name=undefined spec="gulp-annotate" args=["gulp-annotate",null]
10 verbose parsed url { protocol: null,
10 verbose parsed url   slashes: null,
10 verbose parsed url   auth: null,
10 verbose parsed url   host: null,
10 verbose parsed url   port: null,
10 verbose parsed url   hostname: null,
10 verbose parsed url   hash: null,
10 verbose parsed url   search: null,
10 verbose parsed url   query: null,
10 verbose parsed url   pathname: 'gulp-annotate',
10 verbose parsed url   path: 'gulp-annotate',
10 verbose parsed url   href: 'gulp-annotate' }
11 silly lockFile 67b41317-gulp-annotate gulp-annotate
12 verbose lock gulp-annotate C:\Users\sharath\AppData\Roaming\npm-cache\67b41317-gulp-annotate.lock
13 silly lockFile 67b41317-gulp-annotate gulp-annotate
14 silly lockFile 67b41317-gulp-annotate gulp-annotate
15 verbose addNamed [ 'gulp-annotate', '' ]
16 verbose addNamed [ null, '*' ]
17 silly lockFile 566b6469-gulp-annotate gulp-annotate@
18 verbose lock gulp-annotate@ C:\Users\sharath\AppData\Roaming\npm-cache\566b6469-gulp-annotate.lock
19 silly addNameRange { name: 'gulp-annotate', range: '*', hasData: false }
20 verbose request where is /gulp-annotate
21 verbose request registry https://registry.npmjs.org/
22 verbose request id 78a34b2beebc08e4
23 verbose url raw /gulp-annotate
24 verbose url resolving [ 'https://registry.npmjs.org/', './gulp-annotate' ]
25 verbose url resolved https://registry.npmjs.org/gulp-annotate
26 verbose request where is https://registry.npmjs.org/gulp-annotate
27 info trying registry request attempt 1 at 11:03:26
28 http GET https://registry.npmjs.org/gulp-annotate
29 http 404 https://registry.npmjs.org/gulp-annotate
30 verbose headers { date: 'Wed, 04 Feb 2015 05:33:29 GMT',
30 verbose headers   server: 'CouchDB/1.5.0 (Erlang OTP/R16B03)',
30 verbose headers   'content-type': 'application/json',
30 verbose headers   'cache-control': 'max-age=0',
30 verbose headers   'content-length': '52',
30 verbose headers   'accept-ranges': 'bytes',
30 verbose headers   via: '1.1 varnish',
30 verbose headers   age: '0',
30 verbose headers   'x-served-by': 'cache-sn88-SIN',
30 verbose headers   'x-cache': 'MISS',
30 verbose headers   'x-cache-hits': '0',
30 verbose headers   'x-timer': 'S1423028009.088439,VS0,VE241',
30 verbose headers   'keep-alive': 'timeout=10, max=50',
30 verbose headers   connection: 'Keep-Alive' }
31 silly registry.get cb [ 404,
31 silly registry.get   { date: 'Wed, 04 Feb 2015 05:33:29 GMT',
31 silly registry.get     server: 'CouchDB/1.5.0 (Erlang OTP/R16B03)',
31 silly registry.get     'content-type': 'application/json',
31 silly registry.get     'cache-control': 'max-age=0',
31 silly registry.get     'content-length': '52',
31 silly registry.get     'accept-ranges': 'bytes',
31 silly registry.get     via: '1.1 varnish',
31 silly registry.get     age: '0',
31 silly registry.get     'x-served-by': 'cache-sn88-SIN',
31 silly registry.get     'x-cache': 'MISS',
31 silly registry.get     'x-cache-hits': '0',
31 silly registry.get     'x-timer': 'S1423028009.088439,VS0,VE241',
31 silly registry.get     'keep-alive': 'timeout=10, max=50',
31 silly registry.get     connection: 'Keep-Alive' } ]
32 silly lockFile 566b6469-gulp-annotate gulp-annotate@
33 silly lockFile 566b6469-gulp-annotate gulp-annotate@
34 error 404 404 Not Found: gulp-annotate
34 error 404
34 error 404 'gulp-annotate' is not in the npm registry.
34 error 404 You should bug the author to publish it
34 error 404 It was specified as a dependency of 'madzz'
34 error 404
34 error 404 Note that you can also install from a
34 error 404 tarball, folder, or http url, or git url.
35 error System Windows_NT 6.1.7601
36 error command "D:\\node\\\\node.exe" "D:\\node\\node_modules\\npm\\bin\\npm-cli.js" "install" "gulp-annotate"
37 error cwd C:\wamp\www\new-git\madzz\ui
38 error node -v v0.10.33
39 error npm -v 1.4.28
40 error code E404
41 verbose exit [ 1, true ]
